<?xml version="1.0" encoding="UTF-8"?>
<testsuite name="com.ginsan.tdd.DollarTest" tests="1" skipped="0" failures="0" errors="0" timestamp="2019-07-28T07:10:06" hostname="ginsan" time="0.039">
  <properties/>
  <testcase name="testSomeLibraryMethod" classname="com.ginsan.tdd.DollarTest" time="0.039"/>
  <system-out><![CDATA[]]></system-out>
  <system-err><![CDATA[]]></system-err>
</testsuite>
